<?xml version="1.0" encoding="UTF-8"?>
<testsuite name="linkedlist.LinkedLinkedImplTest$InsertLinkedListTest$InsertAt index Test" tests="5" skipped="0" failures="0" errors="0" timestamp="2021-01-15T19:23:26" hostname="chetan.gupta" time="0.008">
  <properties/>
  <testcase name="insert at pos 1 in empty list throws IndexOutOfBound()" classname="linkedlist.LinkedLinkedImplTest$InsertLinkedListTest$InsertAt index Test" time="0.001"/>
  <testcase name="insert at pos 0 in filled list()" classname="linkedlist.LinkedLinkedImplTest$InsertLinkedListTest$InsertAt index Test" time="0.001"/>
  <testcase name="insert at pos 0 in empty list()" classname="linkedlist.LinkedLinkedImplTest$InsertLinkedListTest$InsertAt index Test" time="0.001"/>
  <testcase name="insert at pos invalid position in list throws IndexOutOfBound()" classname="linkedlist.LinkedLinkedImplTest$InsertLinkedListTest$InsertAt index Test" time="0.001"/>
  <testcase name="insert at last in filled list()" classname="linkedlist.LinkedLinkedImplTest$InsertLinkedListTest$InsertAt index Test" time="0.002"/>
  <system-out><![CDATA[
 10 1 2 3 4
 10
 2
 1 2 3 4 10
]]></system-out>
  <system-err><![CDATA[]]></system-err>
</testsuite>
