<?xml version="1.0" encoding="UTF-8"?>
<testsuite name="linkedlist.LinkedListKtxKtTest" tests="1" skipped="0" failures="0" errors="0" timestamp="2021-01-15T19:23:26" hostname="chetan.gupta" time="0.0">
  <properties/>
  <testcase name="linkedList to mutable list always return new object()" classname="linkedlist.LinkedListKtxKtTest" time="0.0"/>
  <system-out><![CDATA[]]></system-out>
  <system-err><![CDATA[]]></system-err>
</testsuite>
