<?xml version="1.0" encoding="UTF-8"?>
<testsuite name="linkedlist.LinkedLinkedImplTest$DeleteLinkedListTest$Delete at index test" tests="5" skipped="0" failures="0" errors="0" timestamp="2021-01-15T19:23:26" hostname="chetan.gupta" time="0.006">
  <properties/>
  <testcase name="delete item at index 3 from filled list()" classname="linkedlist.LinkedLinkedImplTest$DeleteLinkedListTest$Delete at index test" time="0.002"/>
  <testcase name="delete item at index 0 to make list empty()" classname="linkedlist.LinkedLinkedImplTest$DeleteLinkedListTest$Delete at index test" time="0.001"/>
  <testcase name="delete item at invalid index -1 of empty list()" classname="linkedlist.LinkedLinkedImplTest$DeleteLinkedListTest$Delete at index test" time="0.001"/>
  <testcase name="delete item at 0 of empty list()" classname="linkedlist.LinkedLinkedImplTest$DeleteLinkedListTest$Delete at index test" time="0.001"/>
  <testcase name="delete item at invalid index 5 of list empty()" classname="linkedlist.LinkedLinkedImplTest$DeleteLinkedListTest$Delete at index test" time="0.001"/>
  <system-out><![CDATA[ 1 2 3 5
]]></system-out>
  <system-err><![CDATA[]]></system-err>
</testsuite>
