<?xml version="1.0" encoding="UTF-8"?>
<testsuite name="linkedlist.LinkedLinkedImplTest$InsertLinkedListTest$InsertLast Test" tests="4" skipped="0" failures="0" errors="0" timestamp="2021-01-15T19:23:26" hostname="chetan.gupta" time="0.006">
  <properties/>
  <testcase name="add object item to empty list()" classname="linkedlist.LinkedLinkedImplTest$InsertLinkedListTest$InsertLast Test" time="0.001"/>
  <testcase name="var in linkedList is free from mutation()" classname="linkedlist.LinkedLinkedImplTest$InsertLinkedListTest$InsertLast Test" time="0.001"/>
  <testcase name="insert last item to empty list()" classname="linkedlist.LinkedLinkedImplTest$InsertLinkedListTest$InsertLast Test" time="0.002"/>
  <testcase name="add two item at last of list()" classname="linkedlist.LinkedLinkedImplTest$InsertLinkedListTest$InsertLast Test" time="0.001"/>
  <system-out><![CDATA[]]></system-out>
  <system-err><![CDATA[]]></system-err>
</testsuite>
