<?xml version="1.0" encoding="UTF-8"?>
<testsuite name="linkedlist.LinkedLinkedImplTest$DeleteLinkedListTest$Delete element test" tests="3" skipped="0" failures="0" errors="0" timestamp="2021-01-15T19:23:26" hostname="chetan.gupta" time="0.004">
  <properties/>
  <testcase name="delete element from empty list()" classname="linkedlist.LinkedLinkedImplTest$DeleteLinkedListTest$Delete element test" time="0.001"/>
  <testcase name="delete element from filled list()" classname="linkedlist.LinkedLinkedImplTest$DeleteLinkedListTest$Delete element test" time="0.002"/>
  <testcase name="delete element to make filled list empty()" classname="linkedlist.LinkedLinkedImplTest$DeleteLinkedListTest$Delete element test" time="0.001"/>
  <system-out><![CDATA[ 1 2 3 5
]]></system-out>
  <system-err><![CDATA[]]></system-err>
</testsuite>
