<?xml version="1.0" encoding="UTF-8"?>
<testsuite name="linkedlist.LinkedLinkedImplTest$InsertLinkedListTest$InsertAll Test" tests="4" skipped="0" failures="0" errors="0" timestamp="2021-01-15T19:23:26" hostname="chetan.gupta" time="0.008">
  <properties/>
  <testcase name="insert empty linkedlist into empty linkedList()" classname="linkedlist.LinkedLinkedImplTest$InsertLinkedListTest$InsertAll Test" time="0.002"/>
  <testcase name="insert filled linkedlist into filled linkedList()" classname="linkedlist.LinkedLinkedImplTest$InsertLinkedListTest$InsertAll Test" time="0.001"/>
  <testcase name="insert empty linkedlist into filled linkedList()" classname="linkedlist.LinkedLinkedImplTest$InsertLinkedListTest$InsertAll Test" time="0.002"/>
  <testcase name="insert filled linkedlist into empty linkedList()" classname="linkedlist.LinkedLinkedImplTest$InsertLinkedListTest$InsertAll Test" time="0.001"/>
  <system-out><![CDATA[
 1 2 3 5 6 7

 1 2 3
]]></system-out>
  <system-err><![CDATA[]]></system-err>
</testsuite>
