<?xml version="1.0" encoding="UTF-8"?>
<testsuite name="linkedlist.LinkedLinkedImplTest$Mutable LinkedList test" tests="4" skipped="0" failures="0" errors="0" timestamp="2021-01-15T19:23:26" hostname="chetan.gupta" time="0.003">
  <properties/>
  <testcase name="empty list has last null()" classname="linkedlist.LinkedLinkedImplTest$Mutable LinkedList test" time="0.0"/>
  <testcase name="adding default item list get inserted correctly()" classname="linkedlist.LinkedLinkedImplTest$Mutable LinkedList test" time="0.002"/>
  <testcase name="empty list has first null()" classname="linkedlist.LinkedLinkedImplTest$Mutable LinkedList test" time="0.0"/>
  <testcase name="default item list has first and last are same()" classname="linkedlist.LinkedLinkedImplTest$Mutable LinkedList test" time="0.0"/>
  <system-out><![CDATA[
 10 20 30 40 50

 10
]]></system-out>
  <system-err><![CDATA[]]></system-err>
</testsuite>
