<?xml version="1.0" encoding="UTF-8"?>
<testsuite name="linkedlist.LinkedKtxTest$linkedListOf test" tests="4" skipped="0" failures="0" errors="0" timestamp="2021-01-15T19:23:26" hostname="chetan.gupta" time="0.01">
  <properties/>
  <testcase name="returns new instance on each invoke()" classname="linkedlist.LinkedKtxTest$linkedListOf test" time="0.001"/>
  <testcase name="creates new instance with default primitive successfully()" classname="linkedlist.LinkedKtxTest$linkedListOf test" time="0.004"/>
  <testcase name="creates new instance successfully()" classname="linkedlist.LinkedKtxTest$linkedListOf test" time="0.001"/>
  <testcase name="creates new instance with default object successfully()" classname="linkedlist.LinkedKtxTest$linkedListOf test" time="0.002"/>
  <system-out><![CDATA[ 10
]]></system-out>
  <system-err><![CDATA[]]></system-err>
</testsuite>
