<?xml version="1.0" encoding="UTF-8"?>
<testsuite name="linkedlist.LinkedKtxTest$toLinkedList test" tests="1" skipped="0" failures="0" errors="0" timestamp="2021-01-15T19:23:26" hostname="chetan.gupta" time="0.003">
  <properties/>
  <testcase name="list to linkedlist successfully()" classname="linkedlist.LinkedKtxTest$toLinkedList test" time="0.003"/>
  <system-out><![CDATA[]]></system-out>
  <system-err><![CDATA[]]></system-err>
</testsuite>
